[0mGET /stylesheets/style.css [36m304 [0m1.553 ms - -[0m
[0mGET /javascripts/dashboard.js [36m304 [0m1.027 ms - -[0m
[0mGET /javascripts/country.js [36m304 [0m0.946 ms - -[0m
[0mGET /favicon.ico [31m500 [0m3.425 ms - 2945[0m
[0mGET /results [36m304 [0m94.150 ms - -[0m
[0mGET /questions [36m304 [0m473.745 ms - -[0m
[0mGET /dashboard/log [36m304 [0m9.062 ms - -[0m
[0mGET /stylesheets/style.css [36m304 [0m1.575 ms - -[0m
[0mGET /javascripts/dashboard.js [36m304 [0m1.852 ms - -[0m
[0mGET /javascripts/country.js [36m304 [0m2.126 ms - -[0m
[0mGET /favicon.ico [31m500 [0m1.630 ms - 2945[0m
[0mGET /results [36m304 [0m74.074 ms - -[0m
[0mGET /questions [36m304 [0m80.721 ms - -[0m
[0mGET /dashboard/log [36m304 [0m24.180 ms - -[0m
[0mGET /stylesheets/style.css [36m304 [0m2.058 ms - -[0m
[0mGET /javascripts/dashboard.js [36m304 [0m0.482 ms - -[0m
[0mGET /javascripts/country.js [36m304 [0m0.354 ms - -[0m
[0mGET /favicon.ico [31m500 [0m14.517 ms - 2945[0m
[0mGET /results [36m304 [0m93.584 ms - -[0m
[0mGET /questions [36m304 [0m510.278 ms - -[0m
[0mGET /dashboard/log [36m304 [0m2.913 ms - -[0m
[0mGET /stylesheets/style.css [36m304 [0m1.106 ms - -[0m
[0mGET /javascripts/dashboard.js [36m304 [0m0.979 ms - -[0m
[0mGET /javascripts/country.js [36m304 [0m1.016 ms - -[0m
[0mGET /favicon.ico [31m500 [0m1.222 ms - 2945[0m
[0mGET /results [36m304 [0m83.724 ms - -[0m
[0mGET /questions [36m304 [0m96.372 ms - -[0m
[0mGET /dashboard/log [36m304 [0m15.620 ms - -[0m
[0mGET /stylesheets/style.css [36m304 [0m3.266 ms - -[0m
[0mGET /javascripts/dashboard.js [36m304 [0m3.108 ms - -[0m
[0mGET /javascripts/country.js [36m304 [0m3.304 ms - -[0m
[0mGET /favicon.ico [31m500 [0m16.830 ms - 2945[0m
[0mGET /results [36m304 [0m88.774 ms - -[0m
[0mGET /questions [36m304 [0m461.263 ms - -[0m
[0mGET /dashboard/log [36m304 [0m21.384 ms - -[0m
[0mGET /stylesheets/style.css [36m304 [0m1.602 ms - -[0m
[0mGET /javascripts/dashboard.js [36m304 [0m1.525 ms - -[0m
[0mGET /javascripts/country.js [36m304 [0m1.447 ms - -[0m
[0mGET /favicon.ico [31m500 [0m14.502 ms - 2945[0m
[0mGET /results [36m304 [0m90.758 ms - -[0m
[0mGET /questions [36m304 [0m442.562 ms - -[0m
[0mGET /dashboard/log [31m500 [0m17.345 ms - 2463[0m
[0mGET /favicon.ico [31m500 [0m2.807 ms - 2945[0m
[0mGET /dashboard/log [32m200 [0m17.342 ms - 7814[0m
[0mGET /stylesheets/style.css [36m304 [0m1.473 ms - -[0m
[0mGET /javascripts/dashboard.js [36m304 [0m1.657 ms - -[0m
[0mGET /javascripts/country.js [36m304 [0m1.541 ms - -[0m
[0mGET /favicon.ico [31m500 [0m13.754 ms - 2945[0m
[0mGET /results [36m304 [0m86.532 ms - -[0m
[0mGET /questions [36m304 [0m452.957 ms - -[0m
[0mGET /dashboard/log [36m304 [0m12.508 ms - -[0m
[0mGET /stylesheets/style.css [36m304 [0m2.976 ms - -[0m
[0mGET /javascripts/dashboard.js [36m304 [0m2.794 ms - -[0m
[0mGET /javascripts/country.js [36m304 [0m3.007 ms - -[0m
[0mGET /favicon.ico [31m500 [0m14.232 ms - 2945[0m
[0mGET /results [36m304 [0m86.555 ms - -[0m
[0mGET /questions [36m304 [0m453.579 ms - -[0m
[0mGET /dashboard/log [36m304 [0m19.701 ms - -[0m
[0mGET /stylesheets/style.css [36m304 [0m1.767 ms - -[0m
[0mGET /javascripts/dashboard.js [36m304 [0m2.179 ms - -[0m
[0mGET /javascripts/country.js [36m304 [0m0.631 ms - -[0m
[0mGET /favicon.ico [31m500 [0m14.383 ms - 2945[0m
[0mGET /results [36m304 [0m86.687 ms - -[0m
[0mGET /questions [36m304 [0m447.298 ms - -[0m
[0mGET /dashboard/log [36m304 [0m18.393 ms - -[0m
[0mGET /stylesheets/style.css [36m304 [0m2.302 ms - -[0m
[0mGET /javascripts/dashboard.js [36m304 [0m1.031 ms - -[0m
[0mGET /javascripts/country.js [36m304 [0m1.006 ms - -[0m
[0mGET /favicon.ico [31m500 [0m15.585 ms - 2945[0m
[0mGET /results [36m304 [0m95.154 ms - -[0m
[0mGET /questions [36m304 [0m431.863 ms - -[0m
[0mGET /dashboard/log [36m304 [0m16.445 ms - -[0m
[0mGET /stylesheets/style.css [36m304 [0m1.776 ms - -[0m
[0mGET /javascripts/dashboard.js [36m304 [0m1.815 ms - -[0m
[0mGET /javascripts/country.js [36m304 [0m1.926 ms - -[0m
[0mGET /favicon.ico [31m500 [0m13.620 ms - 2945[0m
[0mGET /results [36m304 [0m93.478 ms - -[0m
[0mGET /questions [36m304 [0m460.198 ms - -[0m
[0mGET /dashboard/log [36m304 [0m14.857 ms - -[0m
[0mGET /stylesheets/style.css [36m304 [0m2.094 ms - -[0m
[0mGET /javascripts/dashboard.js [36m304 [0m2.059 ms - -[0m
[0mGET /javascripts/country.js [36m304 [0m2.112 ms - -[0m
[0mGET /favicon.ico [31m500 [0m14.214 ms - 2945[0m
[0mGET /results [36m304 [0m82.384 ms - -[0m
[0mGET /questions [36m304 [0m435.367 ms - -[0m
[0mGET /dashboard/log [36m304 [0m14.367 ms - -[0m
[0mGET /stylesheets/style.css [36m304 [0m5.874 ms - -[0m
[0mGET /javascripts/dashboard.js [36m304 [0m5.580 ms - -[0m
[0mGET /javascripts/country.js [36m304 [0m5.966 ms - -[0m
[0mGET /favicon.ico [31m500 [0m15.534 ms - 2945[0m
[0mGET /results [36m304 [0m89.600 ms - -[0m
[0mGET /questions [36m304 [0m771.269 ms - -[0m
[0mGET /dashboard/log [32m200 [0m15.065 ms - 26898[0m
[0mGET /stylesheets/style.css [36m304 [0m1.459 ms - -[0m
[0mGET /javascripts/dashboard.js [36m304 [0m1.632 ms - -[0m
[0mGET /javascripts/country.js [36m304 [0m1.545 ms - -[0m
[0mGET /favicon.ico [31m500 [0m13.915 ms - 2945[0m
[0mGET /results [36m304 [0m101.344 ms - -[0m
[0mGET /questions [36m304 [0m442.229 ms - -[0m
[0mGET /dashboard/log [32m200 [0m11.715 ms - 13411[0m
[0mGET /stylesheets/style.css [36m304 [0m0.861 ms - -[0m
[0mGET /javascripts/country.js [36m304 [0m0.957 ms - -[0m
[0mGET /javascripts/dashboard.js [36m304 [0m0.935 ms - -[0m
[0mGET /favicon.ico [31m500 [0m4.277 ms - 2945[0m
[0mGET /questions [36m304 [0m76.706 ms - -[0m
[0mGET /results [36m304 [0m78.945 ms - -[0m
[0mGET /dashboard/log [32m200 [0m26.022 ms - 13808[0m
[0mGET /stylesheets/style.css [36m304 [0m2.299 ms - -[0m
[0mGET /javascripts/dashboard.js [36m304 [0m0.925 ms - -[0m
[0mGET /javascripts/country.js [36m304 [0m0.846 ms - -[0m
[0mGET /favicon.ico [31m500 [0m13.641 ms - 2945[0m
[0mGET /results [36m304 [0m84.264 ms - -[0m
[0mGET /questions [36m304 [0m444.304 ms - -[0m
[0mGET /dashboard/log [32m200 [0m19.596 ms - 7883[0m
[0mGET /stylesheets/style.css [0m- [0m- ms - -[0m
[0mGET /javascripts/dashboard.js [36m304 [0m13.500 ms - -[0m
[0mGET /javascripts/country.js [36m304 [0m13.980 ms - -[0m
[0mGET /stylesheets/style.css [36m304 [0m0.367 ms - -[0m
[0mGET /favicon.ico [31m500 [0m2.674 ms - 2945[0m
[0mGET /results [36m304 [0m92.082 ms - -[0m
[0mGET /questions [36m304 [0m510.737 ms - -[0m
[0mGET /dashboard/log [32m200 [0m17.035 ms - 7823[0m
[0mGET /stylesheets/style.css [36m304 [0m4.036 ms - -[0m
[0mGET /javascripts/dashboard.js [36m304 [0m4.836 ms - -[0m
[0mGET /javascripts/country.js [36m304 [0m4.906 ms - -[0m
[0mGET /favicon.ico [31m500 [0m3.782 ms - 2945[0m
[0mGET /results [36m304 [0m93.589 ms - -[0m
[0mGET /questions [36m304 [0m453.028 ms - -[0m
[0mGET /dashboard/log [32m200 [0m12.146 ms - 7573[0m
[0mGET /stylesheets/style.css [36m304 [0m0.796 ms - -[0m
[0mGET /javascripts/dashboard.js [36m304 [0m0.851 ms - -[0m
[0mGET /javascripts/country.js [36m304 [0m0.582 ms - -[0m
[0mGET /favicon.ico [31m500 [0m4.102 ms - 2945[0m
[0mGET /results [36m304 [0m71.279 ms - -[0m
[0mGET /questions [36m304 [0m83.633 ms - -[0m
[0mGET /dashboard/log [36m304 [0m4.161 ms - -[0m
[0mGET /stylesheets/style.css [36m304 [0m1.093 ms - -[0m
[0mGET /javascripts/dashboard.js [36m304 [0m2.228 ms - -[0m
[0mGET /javascripts/country.js [36m304 [0m2.539 ms - -[0m
[0mGET /favicon.ico [31m500 [0m1.372 ms - 2945[0m
[0mGET /results [36m304 [0m70.311 ms - -[0m
[0mGET /questions [36m304 [0m74.444 ms - -[0m
[0mGET /dashboard/log [32m200 [0m19.528 ms - 15595[0m
[0mGET /stylesheets/style.css [36m304 [0m2.745 ms - -[0m
[0mGET /javascripts/dashboard.js [36m304 [0m1.012 ms - -[0m
[0mGET /javascripts/country.js [36m304 [0m1.049 ms - -[0m
[0mGET /favicon.ico [31m500 [0m17.454 ms - 2945[0m
[0mGET /results [36m304 [0m86.738 ms - -[0m
[0mGET /questions [36m304 [0m527.249 ms - -[0m
[0mGET /dashboard/log [32m200 [0m23.165 ms - 15994[0m
[0mGET /stylesheets/style.css [36m304 [0m2.310 ms - -[0m
[0mGET /javascripts/dashboard.js [36m304 [0m0.805 ms - -[0m
[0mGET /javascripts/country.js [36m304 [0m0.442 ms - -[0m
[0mGET /favicon.ico [31m500 [0m13.606 ms - 2945[0m
[0mGET /results [36m304 [0m84.957 ms - -[0m
[0mGET /questions [36m304 [0m925.117 ms - -[0m
